[debug] [2025-09-10T05:58:12.844Z] ----------------------------------------------------------------------
[debug] [2025-09-10T05:58:12.849Z] Command:       /nix/store/ws50yvm6vzlzf7jzz6n7xh4szddrack1-nodejs-20.19.1/bin/node /nix/store/wma3rvxxva78rqvnpja82nx5b3mclpxg-firebase-tools-14.15.2/lib/node_modules/firebase-tools/lib/bin/firebase.js init hosting
[debug] [2025-09-10T05:58:12.852Z] CLI Version:   14.15.2
[debug] [2025-09-10T05:58:12.852Z] Platform:      linux
[debug] [2025-09-10T05:58:12.853Z] Node Version:  v20.19.1
[debug] [2025-09-10T05:58:12.853Z] Time:          Wed Sep 10 2025 05:58:12 GMT+0000 (Coordinated Universal Time)
[debug] [2025-09-10T05:58:12.854Z] ----------------------------------------------------------------------
[debug] 
[debug] [2025-09-10T05:58:12.866Z] No OAuth tokens found
[debug] [2025-09-10T05:58:12.867Z] No OAuth tokens found
[error] Failed to fetch Firebase Project from current Studio Workspace: Unable to refresh auth: not yet authenticated.
[debug] [2025-09-10T05:58:12.877Z] > command requires scopes: ["email","openid","https://www.googleapis.com/auth/cloudplatformprojects.readonly","https://www.googleapis.com/auth/firebase","https://www.googleapis.com/auth/cloud-platform","https://www.googleapis.com/auth/userinfo.email"]
[debug] [2025-09-10T05:58:12.878Z] > authorizing via signed-in user (bkmotivationhindi@gmail.com)
[info] 
     ######## #### ########  ######## ########     ###     ######  ########
     ##        ##  ##     ## ##       ##     ##  ##   ##  ##       ##
     ######    ##  ########  ######   ########  #########  ######  ######
     ##        ##  ##    ##  ##       ##     ## ##     ##       ## ##
     ##       #### ##     ## ######## ########  ##     ##  ######  ########

You're about to initialize a Firebase project in this directory:

  /home/user/studio

[info] 
=== Project Setup
[info] 
[info] First, let's associate this project directory with a Firebase project.
[info] You can create multiple project aliases by running firebase use --add, 
[info] but for now we'll just set up a default project.
[info] 
